<?xml version="1.0" encoding="UTF-8"?>
<!-- Generated by org.testng.reporters.JUnitReportReporter -->
<testsuite skipped="0" hostname="DESKTOP-I7R2DMN" name="TestNG.Annotations" tests="1" failures="0" timestamp="28 Jul 2018 15:15:11 GMT" time="0.010" errors="0">
  <testcase name="testCase1" time="0.010" classname="TestNG.Annotations"/>
</testsuite> <!-- TestNG.Annotations -->
